[Thu Nov  8 08:53:37 2012] [info] Listening at "http://*:3000".
[Thu Nov  8 08:53:42 2012] [debug] Your secret passphrase needs to be changed!!!
[Thu Nov  8 08:53:42 2012] [debug] Bad signed cookie "mojolicious", possible hacking attempt.
[Thu Nov  8 08:53:42 2012] [debug] GET / (Mozilla/5.0 (X11; Linux x86_64) AppleWebKit/537.4 (KHTML, like Gecko) Chrome/22.0.1229.94 Safari/537.4).
[Thu Nov  8 08:53:42 2012] [debug] Routing to controller "OdenSchedule::Example" and action "welcome".
[Thu Nov  8 08:53:42 2012] [debug] Rendering template "example/welcome.html.ep".
[Thu Nov  8 08:53:42 2012] [debug] Rendering template "layouts/default.html.ep".
[Thu Nov  8 08:53:42 2012] [debug] 200 OK (0.318847s, 3.136/s).
[Thu Nov  8 09:00:52 2012] [debug] Your secret passphrase needs to be changed!!!
[Thu Nov  8 09:00:52 2012] [debug] Bad signed cookie "mojolicious", possible hacking attempt.
[Thu Nov  8 09:00:52 2012] [debug] GET / (Mozilla/5.0 (X11; Linux x86_64) AppleWebKit/537.4 (KHTML, like Gecko) Chrome/22.0.1229.94 Safari/537.4).
[Thu Nov  8 09:00:52 2012] [debug] Routing to controller "OdenSchedule::Example" and action "welcome".
[Thu Nov  8 09:00:52 2012] [debug] Rendering template "example/welcome.html.ep".
[Thu Nov  8 09:00:52 2012] [debug] Rendering template "layouts/default.html.ep".
[Thu Nov  8 09:00:52 2012] [debug] 200 OK (0.021052s, 47.501/s).
[Thu Nov  8 09:00:52 2012] [debug] Bad signed cookie "mojolicious", possible hacking attempt.
[Thu Nov  8 09:00:52 2012] [debug] GET /assets/css/bootstrap.css (Mozilla/5.0 (X11; Linux x86_64) AppleWebKit/537.4 (KHTML, like Gecko) Chrome/22.0.1229.94 Safari/537.4).
[Thu Nov  8 09:00:52 2012] [debug] Template "not_found.development.html.ep" not found.
[Thu Nov  8 09:00:52 2012] [debug] Template "not_found.html.ep" not found.
[Thu Nov  8 09:00:52 2012] [debug] Rendering inline template.
[Thu Nov  8 09:00:52 2012] [debug] Rendering inline template.
[Thu Nov  8 09:00:52 2012] [debug] 404 Not Found (0.015481s, 64.595/s).
[Thu Nov  8 09:00:52 2012] [debug] Bad signed cookie "mojolicious", possible hacking attempt.
[Thu Nov  8 09:00:52 2012] [debug] GET /assets/css/bootstrap-responsive.css (Mozilla/5.0 (X11; Linux x86_64) AppleWebKit/537.4 (KHTML, like Gecko) Chrome/22.0.1229.94 Safari/537.4).
[Thu Nov  8 09:00:52 2012] [debug] Template "not_found.development.html.ep" not found.
[Thu Nov  8 09:00:52 2012] [debug] Template "not_found.html.ep" not found.
[Thu Nov  8 09:00:52 2012] [debug] Rendering cached inline template.
[Thu Nov  8 09:00:52 2012] [debug] Rendering cached inline template.
[Thu Nov  8 09:00:52 2012] [debug] 404 Not Found (0.005654s, 176.866/s).
[Thu Nov  8 09:00:52 2012] [debug] Bad signed cookie "mojolicious", possible hacking attempt.
[Thu Nov  8 09:00:52 2012] [debug] GET /assets/ico/favicon.ico (Mozilla/5.0 (X11; Linux x86_64) AppleWebKit/537.4 (KHTML, like Gecko) Chrome/22.0.1229.94 Safari/537.4).
[Thu Nov  8 09:00:52 2012] [debug] Template "not_found.development.html.ep" not found.
[Thu Nov  8 09:00:52 2012] [debug] Template "not_found.html.ep" not found.
[Thu Nov  8 09:00:52 2012] [debug] Rendering cached inline template.
[Thu Nov  8 09:00:52 2012] [debug] Rendering cached inline template.
[Thu Nov  8 09:00:52 2012] [debug] 404 Not Found (0.009722s, 102.859/s).
[Thu Nov  8 09:00:52 2012] [debug] Bad signed cookie "mojolicious", possible hacking attempt.
[Thu Nov  8 09:00:52 2012] [debug] GET / (Mozilla/5.0 (X11; Linux x86_64) AppleWebKit/537.4 (KHTML, like Gecko) Chrome/22.0.1229.94 Safari/537.4).
[Thu Nov  8 09:00:52 2012] [debug] Routing to controller "OdenSchedule::Example" and action "welcome".
[Thu Nov  8 09:00:52 2012] [debug] Rendering cached template "example/welcome.html.ep".
[Thu Nov  8 09:00:52 2012] [debug] Rendering cached template "layouts/default.html.ep".
[Thu Nov  8 09:00:52 2012] [debug] 200 OK (0.003970s, 251.889/s).
[Thu Nov  8 09:00:52 2012] [debug] Bad signed cookie "mojolicious", possible hacking attempt.
[Thu Nov  8 09:00:52 2012] [debug] GET /assets/css/bootstrap.css (Mozilla/5.0 (X11; Linux x86_64) AppleWebKit/537.4 (KHTML, like Gecko) Chrome/22.0.1229.94 Safari/537.4).
[Thu Nov  8 09:00:52 2012] [debug] Template "not_found.development.html.ep" not found.
[Thu Nov  8 09:00:52 2012] [debug] Template "not_found.html.ep" not found.
[Thu Nov  8 09:00:52 2012] [debug] Rendering cached inline template.
[Thu Nov  8 09:00:52 2012] [debug] Rendering cached inline template.
[Thu Nov  8 09:00:52 2012] [debug] 404 Not Found (0.007271s, 137.533/s).
[Thu Nov  8 09:00:52 2012] [debug] Bad signed cookie "mojolicious", possible hacking attempt.
[Thu Nov  8 09:00:52 2012] [debug] GET /assets/css/bootstrap-responsive.css (Mozilla/5.0 (X11; Linux x86_64) AppleWebKit/537.4 (KHTML, like Gecko) Chrome/22.0.1229.94 Safari/537.4).
[Thu Nov  8 09:00:52 2012] [debug] Template "not_found.development.html.ep" not found.
[Thu Nov  8 09:00:52 2012] [debug] Template "not_found.html.ep" not found.
[Thu Nov  8 09:00:52 2012] [debug] Rendering cached inline template.
[Thu Nov  8 09:00:52 2012] [debug] Rendering cached inline template.
[Thu Nov  8 09:00:52 2012] [debug] 404 Not Found (0.005767s, 173.400/s).
[Thu Nov  8 09:00:53 2012] [debug] Bad signed cookie "mojolicious", possible hacking attempt.
[Thu Nov  8 09:00:53 2012] [debug] GET /assets/ico/favicon.ico (Mozilla/5.0 (X11; Linux x86_64) AppleWebKit/537.4 (KHTML, like Gecko) Chrome/22.0.1229.94 Safari/537.4).
[Thu Nov  8 09:00:53 2012] [debug] Template "not_found.development.html.ep" not found.
[Thu Nov  8 09:00:53 2012] [debug] Template "not_found.html.ep" not found.
[Thu Nov  8 09:00:53 2012] [debug] Rendering cached inline template.
[Thu Nov  8 09:00:53 2012] [debug] Rendering cached inline template.
[Thu Nov  8 09:00:53 2012] [debug] 404 Not Found (0.009953s, 100.472/s).
[Thu Nov  8 09:02:56 2012] [debug] Your secret passphrase needs to be changed!!!
[Thu Nov  8 09:02:56 2012] [debug] Bad signed cookie "mojolicious", possible hacking attempt.
[Thu Nov  8 09:02:56 2012] [debug] GET / (Mozilla/5.0 (X11; Linux x86_64) AppleWebKit/537.4 (KHTML, like Gecko) Chrome/22.0.1229.94 Safari/537.4).
[Thu Nov  8 09:02:56 2012] [debug] Routing to controller "OdenSchedule::Example" and action "welcome".
[Thu Nov  8 09:02:56 2012] [debug] Rendering template "example/welcome.html.ep".
[Thu Nov  8 09:02:57 2012] [debug] Rendering template "layouts/default.html.ep".
[Thu Nov  8 09:02:57 2012] [debug] 200 OK (0.067622s, 14.788/s).
[Thu Nov  8 09:02:57 2012] [debug] Bad signed cookie "mojolicious", possible hacking attempt.
[Thu Nov  8 09:02:57 2012] [debug] Bad signed cookie "mojolicious", possible hacking attempt.
[Thu Nov  8 09:02:57 2012] [debug] Bad signed cookie "mojolicious", possible hacking attempt.
[Thu Nov  8 09:02:57 2012] [debug] Bad signed cookie "mojolicious", possible hacking attempt.
[Thu Nov  8 09:02:57 2012] [debug] GET /assets/ico/favicon.ico (Mozilla/5.0 (X11; Linux x86_64) AppleWebKit/537.4 (KHTML, like Gecko) Chrome/22.0.1229.94 Safari/537.4).
[Thu Nov  8 09:02:57 2012] [debug] Template "not_found.development.html.ep" not found.
[Thu Nov  8 09:02:57 2012] [debug] Template "not_found.html.ep" not found.
[Thu Nov  8 09:02:57 2012] [debug] Rendering inline template.
[Thu Nov  8 09:02:57 2012] [debug] Rendering inline template.
[Thu Nov  8 09:02:57 2012] [debug] 404 Not Found (0.015300s, 65.359/s).
[Thu Nov  8 09:02:58 2012] [debug] Bad signed cookie "mojolicious", possible hacking attempt.
[Thu Nov  8 09:02:58 2012] [debug] GET /assets/ico/favicon.ico (Mozilla/5.0 (X11; Linux x86_64) AppleWebKit/537.4 (KHTML, like Gecko) Chrome/22.0.1229.94 Safari/537.4).
[Thu Nov  8 09:02:58 2012] [debug] Template "not_found.development.html.ep" not found.
[Thu Nov  8 09:02:58 2012] [debug] Template "not_found.html.ep" not found.
[Thu Nov  8 09:02:58 2012] [debug] Rendering cached inline template.
[Thu Nov  8 09:02:58 2012] [debug] Rendering cached inline template.
[Thu Nov  8 09:02:58 2012] [debug] 404 Not Found (0.005147s, 194.288/s).
[Thu Nov  8 09:02:59 2012] [debug] Bad signed cookie "mojolicious", possible hacking attempt.
[Thu Nov  8 09:02:59 2012] [debug] GET /assets/ico/favicon.ico (Mozilla/5.0 (X11; Linux x86_64) AppleWebKit/537.4 (KHTML, like Gecko) Chrome/22.0.1229.94 Safari/537.4).
[Thu Nov  8 09:02:59 2012] [debug] Template "not_found.development.html.ep" not found.
[Thu Nov  8 09:02:59 2012] [debug] Template "not_found.html.ep" not found.
[Thu Nov  8 09:02:59 2012] [debug] Rendering cached inline template.
[Thu Nov  8 09:02:59 2012] [debug] Rendering cached inline template.
[Thu Nov  8 09:02:59 2012] [debug] 404 Not Found (0.010012s, 99.880/s).
[Thu Nov  8 09:03:08 2012] [debug] Bad signed cookie "mojolicious", possible hacking attempt.
[Thu Nov  8 09:03:08 2012] [debug] GET /assets/ico/favicon.ico (Mozilla/5.0 (X11; Linux x86_64) AppleWebKit/537.4 (KHTML, like Gecko) Chrome/22.0.1229.94 Safari/537.4).
[Thu Nov  8 09:03:08 2012] [debug] Template "not_found.development.html.ep" not found.
[Thu Nov  8 09:03:08 2012] [debug] Template "not_found.html.ep" not found.
[Thu Nov  8 09:03:08 2012] [debug] Rendering cached inline template.
[Thu Nov  8 09:03:08 2012] [debug] Rendering cached inline template.
[Thu Nov  8 09:03:08 2012] [debug] 404 Not Found (0.011692s, 85.529/s).
[Thu Nov  8 09:03:10 2012] [debug] Bad signed cookie "mojolicious", possible hacking attempt.
[Thu Nov  8 09:03:10 2012] [debug] GET / (Mozilla/5.0 (X11; Linux x86_64) AppleWebKit/537.4 (KHTML, like Gecko) Chrome/22.0.1229.94 Safari/537.4).
[Thu Nov  8 09:03:10 2012] [debug] Routing to controller "OdenSchedule::Example" and action "welcome".
[Thu Nov  8 09:03:10 2012] [debug] Rendering cached template "example/welcome.html.ep".
[Thu Nov  8 09:03:10 2012] [debug] Rendering cached template "layouts/default.html.ep".
[Thu Nov  8 09:03:10 2012] [debug] 200 OK (0.005273s, 189.645/s).
[Thu Nov  8 09:03:10 2012] [debug] Bad signed cookie "mojolicious", possible hacking attempt.
[Thu Nov  8 09:03:10 2012] [debug] GET /assets/ico/favicon.ico (Mozilla/5.0 (X11; Linux x86_64) AppleWebKit/537.4 (KHTML, like Gecko) Chrome/22.0.1229.94 Safari/537.4).
[Thu Nov  8 09:03:10 2012] [debug] Template "not_found.development.html.ep" not found.
[Thu Nov  8 09:03:10 2012] [debug] Template "not_found.html.ep" not found.
[Thu Nov  8 09:03:10 2012] [debug] Rendering cached inline template.
[Thu Nov  8 09:03:10 2012] [debug] Rendering cached inline template.
[Thu Nov  8 09:03:10 2012] [debug] 404 Not Found (0.009788s, 102.166/s).
[Thu Nov  8 09:03:15 2012] [debug] Bad signed cookie "mojolicious", possible hacking attempt.
[Thu Nov  8 09:03:15 2012] [debug] GET /assets/ico/favicon.ico (Mozilla/5.0 (X11; Linux x86_64) AppleWebKit/537.4 (KHTML, like Gecko) Chrome/22.0.1229.94 Safari/537.4).
[Thu Nov  8 09:03:15 2012] [debug] Template "not_found.development.html.ep" not found.
[Thu Nov  8 09:03:15 2012] [debug] Template "not_found.html.ep" not found.
[Thu Nov  8 09:03:15 2012] [debug] Rendering cached inline template.
[Thu Nov  8 09:03:15 2012] [debug] Rendering cached inline template.
[Thu Nov  8 09:03:15 2012] [debug] 404 Not Found (0.006264s, 159.642/s).
[Thu Nov  8 09:03:15 2012] [debug] Bad signed cookie "mojolicious", possible hacking attempt.
[Thu Nov  8 09:03:15 2012] [debug] GET /assets/ico/favicon.ico (Mozilla/5.0 (X11; Linux x86_64) AppleWebKit/537.4 (KHTML, like Gecko) Chrome/22.0.1229.94 Safari/537.4).
[Thu Nov  8 09:03:15 2012] [debug] Template "not_found.development.html.ep" not found.
[Thu Nov  8 09:03:15 2012] [debug] Template "not_found.html.ep" not found.
[Thu Nov  8 09:03:15 2012] [debug] Rendering cached inline template.
[Thu Nov  8 09:03:15 2012] [debug] Rendering cached inline template.
[Thu Nov  8 09:03:15 2012] [debug] 404 Not Found (0.009728s, 102.796/s).
